  raycaster.cpp
C:\Users\zvens\Development\Dreaded\Dreaded-64\src\Headers\enemyDeathIcon.h(46,56): warning C4305: '-=': truncation from 'double' to 'float'
  (compiling source file 'src/raycaster.cpp')
  
C:\Users\zvens\Development\Dreaded\Dreaded-64\src\Headers\enemyDeathIcon.h(47,57): warning C4305: '+=': truncation from 'double' to 'float'
  (compiling source file 'src/raycaster.cpp')
  
C:\Users\zvens\Development\Dreaded\Dreaded-64\src\Headers\enemyDeathIcon.h(54,21): warning C4244: 'initializing': conversion from 'float' to 'int', possible loss of data
  (compiling source file 'src/raycaster.cpp')
  
C:\Users\zvens\Development\Dreaded\Dreaded-64\src\Headers\enemyDeathIcon.h(80,28): warning C4244: 'argument': conversion from 'int' to 'float', possible loss of data
  (compiling source file 'src/raycaster.cpp')
  
C:\Users\zvens\Development\Dreaded\Dreaded-64\src\Headers\enemy.h(96,12): warning C4244: 'initializing': conversion from 'int' to 'float', possible loss of data
  (compiling source file 'src/raycaster.cpp')
  
C:\Users\zvens\Development\Dreaded\Dreaded-64\src\Headers\enemy.h(96,23): warning C4244: 'initializing': conversion from 'int' to 'float', possible loss of data
  (compiling source file 'src/raycaster.cpp')
  
C:\Users\zvens\Development\Dreaded\Dreaded-64\src\Headers\player.h(16,31): warning C4305: 'initializing': truncation from 'double' to 'float'
  (compiling source file 'src/raycaster.cpp')
  
C:\Users\zvens\Development\Dreaded\Dreaded-64\src\Headers\player.h(49,41): warning C4244: 'return': conversion from 'const int' to 'float', possible loss of data
  (compiling source file 'src/raycaster.cpp')
  
C:\Users\zvens\Development\Dreaded\Dreaded-64\src\raycaster.cpp(207,62): warning C4244: 'argument': conversion from 'int' to 'T', possible loss of data
C:\Users\zvens\Development\Dreaded\Dreaded-64\src\raycaster.cpp(207,62): warning C4244:         with
C:\Users\zvens\Development\Dreaded\Dreaded-64\src\raycaster.cpp(207,62): warning C4244:         [
C:\Users\zvens\Development\Dreaded\Dreaded-64\src\raycaster.cpp(207,62): warning C4244:             T=float
C:\Users\zvens\Development\Dreaded\Dreaded-64\src\raycaster.cpp(207,62): warning C4244:         ]
C:\Users\zvens\Development\Dreaded\Dreaded-64\src\raycaster.cpp(207,59): warning C4244: 'argument': conversion from 'int' to 'T', possible loss of data
C:\Users\zvens\Development\Dreaded\Dreaded-64\src\raycaster.cpp(207,59): warning C4244:         with
C:\Users\zvens\Development\Dreaded\Dreaded-64\src\raycaster.cpp(207,59): warning C4244:         [
C:\Users\zvens\Development\Dreaded\Dreaded-64\src\raycaster.cpp(207,59): warning C4244:             T=float
C:\Users\zvens\Development\Dreaded\Dreaded-64\src\raycaster.cpp(207,59): warning C4244:         ]
C:\Users\zvens\Development\Dreaded\Dreaded-64\src\raycaster.cpp(208,66): warning C4244: 'argument': conversion from 'int' to 'T', possible loss of data
C:\Users\zvens\Development\Dreaded\Dreaded-64\src\raycaster.cpp(208,66): warning C4244:         with
C:\Users\zvens\Development\Dreaded\Dreaded-64\src\raycaster.cpp(208,66): warning C4244:         [
C:\Users\zvens\Development\Dreaded\Dreaded-64\src\raycaster.cpp(208,66): warning C4244:             T=float
C:\Users\zvens\Development\Dreaded\Dreaded-64\src\raycaster.cpp(208,66): warning C4244:         ]
C:\Users\zvens\Development\Dreaded\Dreaded-64\src\raycaster.cpp(208,61): warning C4244: 'argument': conversion from 'int' to 'T', possible loss of data
C:\Users\zvens\Development\Dreaded\Dreaded-64\src\raycaster.cpp(208,61): warning C4244:         with
C:\Users\zvens\Development\Dreaded\Dreaded-64\src\raycaster.cpp(208,61): warning C4244:         [
C:\Users\zvens\Development\Dreaded\Dreaded-64\src\raycaster.cpp(208,61): warning C4244:             T=float
C:\Users\zvens\Development\Dreaded\Dreaded-64\src\raycaster.cpp(208,61): warning C4244:         ]
C:\Users\zvens\Development\Dreaded\Dreaded-64\src\raycaster.cpp(209,66): warning C4244: 'argument': conversion from 'int' to 'T', possible loss of data
C:\Users\zvens\Development\Dreaded\Dreaded-64\src\raycaster.cpp(209,66): warning C4244:         with
C:\Users\zvens\Development\Dreaded\Dreaded-64\src\raycaster.cpp(209,66): warning C4244:         [
C:\Users\zvens\Development\Dreaded\Dreaded-64\src\raycaster.cpp(209,66): warning C4244:             T=float
C:\Users\zvens\Development\Dreaded\Dreaded-64\src\raycaster.cpp(209,66): warning C4244:         ]
C:\Users\zvens\Development\Dreaded\Dreaded-64\src\raycaster.cpp(209,61): warning C4244: 'argument': conversion from 'int' to 'T', possible loss of data
C:\Users\zvens\Development\Dreaded\Dreaded-64\src\raycaster.cpp(209,61): warning C4244:         with
C:\Users\zvens\Development\Dreaded\Dreaded-64\src\raycaster.cpp(209,61): warning C4244:         [
C:\Users\zvens\Development\Dreaded\Dreaded-64\src\raycaster.cpp(209,61): warning C4244:             T=float
C:\Users\zvens\Development\Dreaded\Dreaded-64\src\raycaster.cpp(209,61): warning C4244:         ]
C:\Users\zvens\Development\Dreaded\Dreaded-64\src\raycaster.cpp(210,62): warning C4244: 'argument': conversion from 'int' to 'T', possible loss of data
C:\Users\zvens\Development\Dreaded\Dreaded-64\src\raycaster.cpp(210,62): warning C4244:         with
C:\Users\zvens\Development\Dreaded\Dreaded-64\src\raycaster.cpp(210,62): warning C4244:         [
C:\Users\zvens\Development\Dreaded\Dreaded-64\src\raycaster.cpp(210,62): warning C4244:             T=float
C:\Users\zvens\Development\Dreaded\Dreaded-64\src\raycaster.cpp(210,62): warning C4244:         ]
C:\Users\zvens\Development\Dreaded\Dreaded-64\src\raycaster.cpp(210,59): warning C4244: 'argument': conversion from 'int' to 'T', possible loss of data
C:\Users\zvens\Development\Dreaded\Dreaded-64\src\raycaster.cpp(210,59): warning C4244:         with
C:\Users\zvens\Development\Dreaded\Dreaded-64\src\raycaster.cpp(210,59): warning C4244:         [
C:\Users\zvens\Development\Dreaded\Dreaded-64\src\raycaster.cpp(210,59): warning C4244:             T=float
C:\Users\zvens\Development\Dreaded\Dreaded-64\src\raycaster.cpp(210,59): warning C4244:         ]
C:\Users\zvens\Development\Dreaded\Dreaded-64\src\raycaster.cpp(212,60): warning C4244: 'argument': conversion from 'int' to 'T', possible loss of data
C:\Users\zvens\Development\Dreaded\Dreaded-64\src\raycaster.cpp(212,60): warning C4244:         with
C:\Users\zvens\Development\Dreaded\Dreaded-64\src\raycaster.cpp(212,60): warning C4244:         [
C:\Users\zvens\Development\Dreaded\Dreaded-64\src\raycaster.cpp(212,60): warning C4244:             T=float
C:\Users\zvens\Development\Dreaded\Dreaded-64\src\raycaster.cpp(212,60): warning C4244:         ]
C:\Users\zvens\Development\Dreaded\Dreaded-64\src\raycaster.cpp(213,65): warning C4244: 'argument': conversion from 'int' to 'T', possible loss of data
C:\Users\zvens\Development\Dreaded\Dreaded-64\src\raycaster.cpp(213,65): warning C4244:         with
C:\Users\zvens\Development\Dreaded\Dreaded-64\src\raycaster.cpp(213,65): warning C4244:         [
C:\Users\zvens\Development\Dreaded\Dreaded-64\src\raycaster.cpp(213,65): warning C4244:             T=float
C:\Users\zvens\Development\Dreaded\Dreaded-64\src\raycaster.cpp(213,65): warning C4244:         ]
C:\Users\zvens\Development\Dreaded\Dreaded-64\src\raycaster.cpp(214,70): warning C4244: 'argument': conversion from 'int' to 'T', possible loss of data
C:\Users\zvens\Development\Dreaded\Dreaded-64\src\raycaster.cpp(214,70): warning C4244:         with
C:\Users\zvens\Development\Dreaded\Dreaded-64\src\raycaster.cpp(214,70): warning C4244:         [
C:\Users\zvens\Development\Dreaded\Dreaded-64\src\raycaster.cpp(214,70): warning C4244:             T=float
C:\Users\zvens\Development\Dreaded\Dreaded-64\src\raycaster.cpp(214,70): warning C4244:         ]
C:\Users\zvens\Development\Dreaded\Dreaded-64\src\raycaster.cpp(214,65): warning C4244: 'argument': conversion from 'int' to 'T', possible loss of data
C:\Users\zvens\Development\Dreaded\Dreaded-64\src\raycaster.cpp(214,65): warning C4244:         with
C:\Users\zvens\Development\Dreaded\Dreaded-64\src\raycaster.cpp(214,65): warning C4244:         [
C:\Users\zvens\Development\Dreaded\Dreaded-64\src\raycaster.cpp(214,65): warning C4244:             T=float
C:\Users\zvens\Development\Dreaded\Dreaded-64\src\raycaster.cpp(214,65): warning C4244:         ]
C:\Users\zvens\Development\Dreaded\Dreaded-64\src\raycaster.cpp(215,66): warning C4244: 'argument': conversion from 'int' to 'T', possible loss of data
C:\Users\zvens\Development\Dreaded\Dreaded-64\src\raycaster.cpp(215,66): warning C4244:         with
C:\Users\zvens\Development\Dreaded\Dreaded-64\src\raycaster.cpp(215,66): warning C4244:         [
C:\Users\zvens\Development\Dreaded\Dreaded-64\src\raycaster.cpp(215,66): warning C4244:             T=float
C:\Users\zvens\Development\Dreaded\Dreaded-64\src\raycaster.cpp(215,66): warning C4244:         ]
C:\Users\zvens\Development\Dreaded\Dreaded-64\src\raycaster.cpp(215,60): warning C4244: 'argument': conversion from 'int' to 'T', possible loss of data
C:\Users\zvens\Development\Dreaded\Dreaded-64\src\raycaster.cpp(215,60): warning C4244:         with
C:\Users\zvens\Development\Dreaded\Dreaded-64\src\raycaster.cpp(215,60): warning C4244:         [
C:\Users\zvens\Development\Dreaded\Dreaded-64\src\raycaster.cpp(215,60): warning C4244:             T=float
C:\Users\zvens\Development\Dreaded\Dreaded-64\src\raycaster.cpp(215,60): warning C4244:         ]
C:\Users\zvens\Development\Dreaded\Dreaded-64\src\raycaster.cpp(368,56): warning C4244: 'argument': conversion from 'int' to 'T', possible loss of data
C:\Users\zvens\Development\Dreaded\Dreaded-64\src\raycaster.cpp(368,56): warning C4244:         with
C:\Users\zvens\Development\Dreaded\Dreaded-64\src\raycaster.cpp(368,56): warning C4244:         [
C:\Users\zvens\Development\Dreaded\Dreaded-64\src\raycaster.cpp(368,56): warning C4244:             T=float
C:\Users\zvens\Development\Dreaded\Dreaded-64\src\raycaster.cpp(368,56): warning C4244:         ]
C:\Users\zvens\Development\Dreaded\Dreaded-64\src\raycaster.cpp(368,53): warning C4244: 'argument': conversion from 'int' to 'T', possible loss of data
C:\Users\zvens\Development\Dreaded\Dreaded-64\src\raycaster.cpp(368,53): warning C4244:         with
C:\Users\zvens\Development\Dreaded\Dreaded-64\src\raycaster.cpp(368,53): warning C4244:         [
C:\Users\zvens\Development\Dreaded\Dreaded-64\src\raycaster.cpp(368,53): warning C4244:             T=float
C:\Users\zvens\Development\Dreaded\Dreaded-64\src\raycaster.cpp(368,53): warning C4244:         ]
C:\Users\zvens\Development\Dreaded\Dreaded-64\src\raycaster.cpp(368,88): warning C4244: 'argument': conversion from 'int' to 'T', possible loss of data
C:\Users\zvens\Development\Dreaded\Dreaded-64\src\raycaster.cpp(368,88): warning C4244:         with
C:\Users\zvens\Development\Dreaded\Dreaded-64\src\raycaster.cpp(368,88): warning C4244:         [
C:\Users\zvens\Development\Dreaded\Dreaded-64\src\raycaster.cpp(368,88): warning C4244:             T=float
C:\Users\zvens\Development\Dreaded\Dreaded-64\src\raycaster.cpp(368,88): warning C4244:         ]
C:\Users\zvens\Development\Dreaded\Dreaded-64\src\raycaster.cpp(369,60): warning C4244: 'argument': conversion from 'int' to 'T', possible loss of data
C:\Users\zvens\Development\Dreaded\Dreaded-64\src\raycaster.cpp(369,60): warning C4244:         with
C:\Users\zvens\Development\Dreaded\Dreaded-64\src\raycaster.cpp(369,60): warning C4244:         [
C:\Users\zvens\Development\Dreaded\Dreaded-64\src\raycaster.cpp(369,60): warning C4244:             T=float
C:\Users\zvens\Development\Dreaded\Dreaded-64\src\raycaster.cpp(369,60): warning C4244:         ]
C:\Users\zvens\Development\Dreaded\Dreaded-64\src\raycaster.cpp(369,55): warning C4244: 'argument': conversion from 'int' to 'T', possible loss of data
C:\Users\zvens\Development\Dreaded\Dreaded-64\src\raycaster.cpp(369,55): warning C4244:         with
C:\Users\zvens\Development\Dreaded\Dreaded-64\src\raycaster.cpp(369,55): warning C4244:         [
C:\Users\zvens\Development\Dreaded\Dreaded-64\src\raycaster.cpp(369,55): warning C4244:             T=float
C:\Users\zvens\Development\Dreaded\Dreaded-64\src\raycaster.cpp(369,55): warning C4244:         ]
C:\Users\zvens\Development\Dreaded\Dreaded-64\src\raycaster.cpp(369,97): warning C4244: 'argument': conversion from 'int' to 'T', possible loss of data
C:\Users\zvens\Development\Dreaded\Dreaded-64\src\raycaster.cpp(369,97): warning C4244:         with
C:\Users\zvens\Development\Dreaded\Dreaded-64\src\raycaster.cpp(369,97): warning C4244:         [
C:\Users\zvens\Development\Dreaded\Dreaded-64\src\raycaster.cpp(369,97): warning C4244:             T=float
C:\Users\zvens\Development\Dreaded\Dreaded-64\src\raycaster.cpp(369,97): warning C4244:         ]
C:\Users\zvens\Development\Dreaded\Dreaded-64\src\raycaster.cpp(370,60): warning C4244: 'argument': conversion from 'int' to 'T', possible loss of data
C:\Users\zvens\Development\Dreaded\Dreaded-64\src\raycaster.cpp(370,60): warning C4244:         with
C:\Users\zvens\Development\Dreaded\Dreaded-64\src\raycaster.cpp(370,60): warning C4244:         [
C:\Users\zvens\Development\Dreaded\Dreaded-64\src\raycaster.cpp(370,60): warning C4244:             T=float
C:\Users\zvens\Development\Dreaded\Dreaded-64\src\raycaster.cpp(370,60): warning C4244:         ]
C:\Users\zvens\Development\Dreaded\Dreaded-64\src\raycaster.cpp(370,55): warning C4244: 'argument': conversion from 'int' to 'T', possible loss of data
C:\Users\zvens\Development\Dreaded\Dreaded-64\src\raycaster.cpp(370,55): warning C4244:         with
C:\Users\zvens\Development\Dreaded\Dreaded-64\src\raycaster.cpp(370,55): warning C4244:         [
C:\Users\zvens\Development\Dreaded\Dreaded-64\src\raycaster.cpp(370,55): warning C4244:             T=float
C:\Users\zvens\Development\Dreaded\Dreaded-64\src\raycaster.cpp(370,55): warning C4244:         ]
C:\Users\zvens\Development\Dreaded\Dreaded-64\src\raycaster.cpp(370,100): warning C4244: 'argument': conversion from 'int' to 'T', possible loss of data
C:\Users\zvens\Development\Dreaded\Dreaded-64\src\raycaster.cpp(370,100): warning C4244:         with
C:\Users\zvens\Development\Dreaded\Dreaded-64\src\raycaster.cpp(370,100): warning C4244:         [
C:\Users\zvens\Development\Dreaded\Dreaded-64\src\raycaster.cpp(370,100): warning C4244:             T=float
C:\Users\zvens\Development\Dreaded\Dreaded-64\src\raycaster.cpp(370,100): warning C4244:         ]
C:\Users\zvens\Development\Dreaded\Dreaded-64\src\raycaster.cpp(370,95): warning C4244: 'argument': conversion from 'int' to 'T', possible loss of data
C:\Users\zvens\Development\Dreaded\Dreaded-64\src\raycaster.cpp(370,95): warning C4244:         with
C:\Users\zvens\Development\Dreaded\Dreaded-64\src\raycaster.cpp(370,95): warning C4244:         [
C:\Users\zvens\Development\Dreaded\Dreaded-64\src\raycaster.cpp(370,95): warning C4244:             T=float
C:\Users\zvens\Development\Dreaded\Dreaded-64\src\raycaster.cpp(370,95): warning C4244:         ]
C:\Users\zvens\Development\Dreaded\Dreaded-64\src\raycaster.cpp(371,56): warning C4244: 'argument': conversion from 'int' to 'T', possible loss of data
C:\Users\zvens\Development\Dreaded\Dreaded-64\src\raycaster.cpp(371,56): warning C4244:         with
C:\Users\zvens\Development\Dreaded\Dreaded-64\src\raycaster.cpp(371,56): warning C4244:         [
C:\Users\zvens\Development\Dreaded\Dreaded-64\src\raycaster.cpp(371,56): warning C4244:             T=float
C:\Users\zvens\Development\Dreaded\Dreaded-64\src\raycaster.cpp(371,56): warning C4244:         ]
C:\Users\zvens\Development\Dreaded\Dreaded-64\src\raycaster.cpp(371,53): warning C4244: 'argument': conversion from 'int' to 'T', possible loss of data
C:\Users\zvens\Development\Dreaded\Dreaded-64\src\raycaster.cpp(371,53): warning C4244:         with
C:\Users\zvens\Development\Dreaded\Dreaded-64\src\raycaster.cpp(371,53): warning C4244:         [
C:\Users\zvens\Development\Dreaded\Dreaded-64\src\raycaster.cpp(371,53): warning C4244:             T=float
C:\Users\zvens\Development\Dreaded\Dreaded-64\src\raycaster.cpp(371,53): warning C4244:         ]
C:\Users\zvens\Development\Dreaded\Dreaded-64\src\raycaster.cpp(371,92): warning C4244: 'argument': conversion from 'int' to 'T', possible loss of data
C:\Users\zvens\Development\Dreaded\Dreaded-64\src\raycaster.cpp(371,92): warning C4244:         with
C:\Users\zvens\Development\Dreaded\Dreaded-64\src\raycaster.cpp(371,92): warning C4244:         [
C:\Users\zvens\Development\Dreaded\Dreaded-64\src\raycaster.cpp(371,92): warning C4244:             T=float
C:\Users\zvens\Development\Dreaded\Dreaded-64\src\raycaster.cpp(371,92): warning C4244:         ]
C:\Users\zvens\Development\Dreaded\Dreaded-64\src\raycaster.cpp(371,86): warning C4244: 'argument': conversion from 'int' to 'T', possible loss of data
C:\Users\zvens\Development\Dreaded\Dreaded-64\src\raycaster.cpp(371,86): warning C4244:         with
C:\Users\zvens\Development\Dreaded\Dreaded-64\src\raycaster.cpp(371,86): warning C4244:         [
C:\Users\zvens\Development\Dreaded\Dreaded-64\src\raycaster.cpp(371,86): warning C4244:             T=float
C:\Users\zvens\Development\Dreaded\Dreaded-64\src\raycaster.cpp(371,86): warning C4244:         ]
C:\Users\zvens\Development\Dreaded\Dreaded-64\src\raycaster.cpp(447,57): warning C4305: '-=': truncation from 'double' to 'float'
C:\Users\zvens\Development\Dreaded\Dreaded-64\src\raycaster.cpp(448,58): warning C4305: '+=': truncation from 'double' to 'float'
C:\Users\zvens\Development\Dreaded\Dreaded-64\src\raycaster.cpp(460,67): warning C4244: 'argument': conversion from 'int' to 'float', possible loss of data
C:\Users\zvens\Development\Dreaded\Dreaded-64\src\raycaster.cpp(460,34): warning C4244: 'argument': conversion from 'int' to 'float', possible loss of data
C:\Users\zvens\Development\Dreaded\Dreaded-64\src\raycaster.cpp(465,55): warning C4244: 'argument': conversion from 'double' to 'float', possible loss of data
  Generating code
  2 of 905 functions ( 0.2%) were compiled, the rest were copied from previous compilation.
    0 functions were new in current compilation
    1 functions had inline decision re-evaluated but remain unchanged
  Finished generating code
  Dreaded-64.vcxproj -> C:\Users\zvens\Development\Dreaded\Dreaded-64\x64\Release\Dreaded-64.exe
